app/build/intermediates/manifest_merge_blame_file/debug/processDebugMainManifest/manifest-merger-blame-debug-report.txt
1<?xml version="1.0" encoding="utf-8"?>
2<manifest xmlns:android="http://schemas.android.com/apk/res/android"
3    package="com.buge.box"
4    android:versionCode="1"
5    android:versionName="1.0" >
6
7    <uses-sdk
8        android:minSdkVersion="26"
9        android:targetSdkVersion="34" />
10
11    <!-- Core Permissions -->
12    <uses-permission android:name="android.permission.QUERY_ALL_PACKAGES" />
12-->src/main/AndroidManifest.xml:6:5-77
12-->src/main/AndroidManifest.xml:6:22-74
13    <uses-permission android:name="android.permission.REQUEST_INSTALL_PACKAGES" />
13-->src/main/AndroidManifest.xml:7:5-83
13-->src/main/AndroidManifest.xml:7:22-80
14    <uses-permission android:name="android.permission.REQUEST_DELETE_PACKAGES" />
14-->src/main/AndroidManifest.xml:8:5-82
14-->src/main/AndroidManifest.xml:8:22-79
15
16    <!-- Storage Permissions -->
17    <uses-permission android:name="android.permission.READ_EXTERNAL_STORAGE" />
17-->src/main/AndroidManifest.xml:11:5-80
17-->src/main/AndroidManifest.xml:11:22-77
18    <uses-permission android:name="android.permission.WRITE_EXTERNAL_STORAGE" />
18-->src/main/AndroidManifest.xml:12:5-81
18-->src/main/AndroidManifest.xml:12:22-78
19    <uses-permission android:name="android.permission.MANAGE_EXTERNAL_STORAGE" />
19-->src/main/AndroidManifest.xml:13:5-82
19-->src/main/AndroidManifest.xml:13:22-79
20
21    <!-- Media Permissions (Android 13+) -->
22    <uses-permission android:name="android.permission.READ_MEDIA_IMAGES" />
22-->src/main/AndroidManifest.xml:16:5-76
22-->src/main/AndroidManifest.xml:16:22-73
23    <uses-permission android:name="android.permission.READ_MEDIA_VIDEO" />
23-->src/main/AndroidManifest.xml:17:5-75
23-->src/main/AndroidManifest.xml:17:22-72
24    <uses-permission android:name="android.permission.READ_MEDIA_AUDIO" />
24-->src/main/AndroidManifest.xml:18:5-75
24-->src/main/AndroidManifest.xml:18:22-72
25
26    <!-- Camera & Microphone -->
27    <uses-permission android:name="android.permission.CAMERA" />
27-->src/main/AndroidManifest.xml:21:5-65
27-->src/main/AndroidManifest.xml:21:22-62
28    <uses-permission android:name="android.permission.RECORD_AUDIO" />
28-->src/main/AndroidManifest.xml:22:5-71
28-->src/main/AndroidManifest.xml:22:22-68
29
30    <!-- Location -->
31    <uses-permission android:name="android.permission.ACCESS_FINE_LOCATION" />
31-->src/main/AndroidManifest.xml:25:5-79
31-->src/main/AndroidManifest.xml:25:22-76
32    <uses-permission android:name="android.permission.ACCESS_COARSE_LOCATION" />
32-->src/main/AndroidManifest.xml:26:5-81
32-->src/main/AndroidManifest.xml:26:22-78
33    <uses-permission android:name="android.permission.ACCESS_BACKGROUND_LOCATION" />
33-->src/main/AndroidManifest.xml:27:5-85
33-->src/main/AndroidManifest.xml:27:22-82
34
35    <!-- Phone & Contacts -->
36    <uses-permission android:name="android.permission.READ_PHONE_STATE" />
36-->src/main/AndroidManifest.xml:30:5-75
36-->src/main/AndroidManifest.xml:30:22-72
37    <uses-permission android:name="android.permission.READ_CONTACTS" />
37-->src/main/AndroidManifest.xml:31:5-72
37-->src/main/AndroidManifest.xml:31:22-69
38    <uses-permission android:name="android.permission.WRITE_CONTACTS" />
38-->src/main/AndroidManifest.xml:32:5-73
38-->src/main/AndroidManifest.xml:32:22-70
39    <uses-permission android:name="android.permission.CALL_PHONE" />
39-->src/main/AndroidManifest.xml:33:5-69
39-->src/main/AndroidManifest.xml:33:22-66
40
41    <!-- SMS -->
42    <uses-permission android:name="android.permission.SEND_SMS" />
42-->src/main/AndroidManifest.xml:36:5-67
42-->src/main/AndroidManifest.xml:36:22-64
43    <uses-permission android:name="android.permission.RECEIVE_SMS" />
43-->src/main/AndroidManifest.xml:37:5-70
43-->src/main/AndroidManifest.xml:37:22-67
44    <uses-permission android:name="android.permission.READ_SMS" />
44-->src/main/AndroidManifest.xml:38:5-67
44-->src/main/AndroidManifest.xml:38:22-64
45
46    <!-- Calendar -->
47    <uses-permission android:name="android.permission.READ_CALENDAR" />
47-->src/main/AndroidManifest.xml:41:5-72
47-->src/main/AndroidManifest.xml:41:22-69
48    <uses-permission android:name="android.permission.WRITE_CALENDAR" />
48-->src/main/AndroidManifest.xml:42:5-73
48-->src/main/AndroidManifest.xml:42:22-70
49
50    <!-- Sensors -->
51    <uses-permission android:name="android.permission.BODY_SENSORS" />
51-->src/main/AndroidManifest.xml:45:5-71
51-->src/main/AndroidManifest.xml:45:22-68
52    <uses-permission android:name="android.permission.ACTIVITY_RECOGNITION" />
52-->src/main/AndroidManifest.xml:46:5-79
52-->src/main/AndroidManifest.xml:46:22-76
53
54    <!-- Network -->
55    <uses-permission android:name="android.permission.INTERNET" />
55-->src/main/AndroidManifest.xml:49:5-67
55-->src/main/AndroidManifest.xml:49:22-64
56    <uses-permission android:name="android.permission.ACCESS_NETWORK_STATE" />
56-->src/main/AndroidManifest.xml:50:5-79
56-->src/main/AndroidManifest.xml:50:22-76
57    <uses-permission android:name="android.permission.ACCESS_WIFI_STATE" />
57-->src/main/AndroidManifest.xml:51:5-76
57-->src/main/AndroidManifest.xml:51:22-73
58
59    <!-- Bluetooth -->
60    <uses-permission android:name="android.permission.BLUETOOTH" />
60-->src/main/AndroidManifest.xml:54:5-68
60-->src/main/AndroidManifest.xml:54:22-65
61    <uses-permission android:name="android.permission.BLUETOOTH_ADMIN" />
61-->src/main/AndroidManifest.xml:55:5-74
61-->src/main/AndroidManifest.xml:55:22-71
62    <uses-permission android:name="android.permission.BLUETOOTH_CONNECT" />
62-->src/main/AndroidManifest.xml:56:5-76
62-->src/main/AndroidManifest.xml:56:22-73
63    <uses-permission android:name="android.permission.BLUETOOTH_SCAN" />
63-->src/main/AndroidManifest.xml:57:5-73
63-->src/main/AndroidManifest.xml:57:22-70
64
65    <!-- Notification -->
66    <uses-permission android:name="android.permission.POST_NOTIFICATIONS" />
66-->src/main/AndroidManifest.xml:60:5-77
66-->src/main/AndroidManifest.xml:60:22-74
67    <uses-permission android:name="android.permission.FOREGROUND_SERVICE" />
67-->src/main/AndroidManifest.xml:61:5-77
67-->src/main/AndroidManifest.xml:61:22-74
68    <uses-permission android:name="android.permission.FOREGROUND_SERVICE_DATA_SYNC" />
68-->src/main/AndroidManifest.xml:62:5-87
68-->src/main/AndroidManifest.xml:62:22-84
69
70    <!-- System -->
71    <uses-permission android:name="android.permission.SYSTEM_ALERT_WINDOW" />
71-->src/main/AndroidManifest.xml:65:5-78
71-->src/main/AndroidManifest.xml:65:22-75
72    <uses-permission android:name="android.permission.WAKE_LOCK" />
72-->src/main/AndroidManifest.xml:66:5-68
72-->src/main/AndroidManifest.xml:66:22-65
73    <uses-permission android:name="android.permission.RECEIVE_BOOT_COMPLETED" />
73-->src/main/AndroidManifest.xml:67:5-81
73-->src/main/AndroidManifest.xml:67:22-78
74    <uses-permission android:name="android.permission.GET_ACCOUNTS" />
74-->src/main/AndroidManifest.xml:68:5-71
74-->src/main/AndroidManifest.xml:68:22-68
75    <uses-permission android:name="android.permission.USE_CREDENTIALS" />
75-->src/main/AndroidManifest.xml:69:5-74
75-->src/main/AndroidManifest.xml:69:22-71
76    <uses-permission android:name="android.permission.MANAGE_ACCOUNTS" />
76-->src/main/AndroidManifest.xml:70:5-74
76-->src/main/AndroidManifest.xml:70:22-71
77
78    <!-- App Cloning Specific -->
79    <uses-permission android:name="android.permission.CREATE_USERS" />
79-->src/main/AndroidManifest.xml:73:5-71
79-->src/main/AndroidManifest.xml:73:22-68
80    <uses-permission android:name="android.permission.MANAGE_USERS" />
80-->src/main/AndroidManifest.xml:74:5-71
80-->src/main/AndroidManifest.xml:74:22-68
81
82    <permission
82-->[androidx.core:core:1.13.1] AndroidManifest.xml:22:5-24:47
83        android:name="com.buge.box.DYNAMIC_RECEIVER_NOT_EXPORTED_PERMISSION"
83-->[androidx.core:core:1.13.1] AndroidManifest.xml:23:9-81
84        android:protectionLevel="signature" />
84-->[androidx.core:core:1.13.1] AndroidManifest.xml:24:9-44
85
86    <uses-permission android:name="com.buge.box.DYNAMIC_RECEIVER_NOT_EXPORTED_PERMISSION" />
86-->[androidx.core:core:1.13.1] AndroidManifest.xml:26:5-97
86-->[androidx.core:core:1.13.1] AndroidManifest.xml:26:22-94
87
88    <application
88-->src/main/AndroidManifest.xml:76:5-111:19
89        android:allowBackup="true"
89-->src/main/AndroidManifest.xml:77:9-35
90        android:appComponentFactory="androidx.core.app.CoreComponentFactory"
90-->[androidx.core:core:1.13.1] AndroidManifest.xml:28:18-86
91        android:debuggable="true"
92        android:extractNativeLibs="true"
92-->src/main/AndroidManifest.xml:85:9-41
93        android:icon="@mipmap/ic_launcher"
93-->src/main/AndroidManifest.xml:78:9-43
94        android:label="@string/app_name"
94-->src/main/AndroidManifest.xml:79:9-41
95        android:preserveLegacyExternalStorage="true"
95-->src/main/AndroidManifest.xml:84:9-53
96        android:requestLegacyExternalStorage="true"
96-->src/main/AndroidManifest.xml:83:9-52
97        android:roundIcon="@mipmap/ic_launcher_round"
97-->src/main/AndroidManifest.xml:80:9-54
98        android:supportsRtl="true"
98-->src/main/AndroidManifest.xml:81:9-35
99        android:theme="@style/AppTheme" >
99-->src/main/AndroidManifest.xml:82:9-40
100        <activity
100-->src/main/AndroidManifest.xml:87:9-94:20
101            android:name="com.buge.box.MainActivity"
101-->src/main/AndroidManifest.xml:88:13-41
102            android:exported="true" >
102-->src/main/AndroidManifest.xml:89:13-36
103            <intent-filter>
103-->src/main/AndroidManifest.xml:90:13-93:29
104                <action android:name="android.intent.action.MAIN" />
104-->src/main/AndroidManifest.xml:91:17-69
104-->src/main/AndroidManifest.xml:91:25-66
105
106                <category android:name="android.intent.category.LAUNCHER" />
106-->src/main/AndroidManifest.xml:92:17-77
106-->src/main/AndroidManifest.xml:92:27-74
107            </intent-filter>
108        </activity>
109        <activity
109-->src/main/AndroidManifest.xml:96:9-99:48
110            android:name="com.buge.box.SettingsActivity"
110-->src/main/AndroidManifest.xml:97:13-45
111            android:exported="false"
111-->src/main/AndroidManifest.xml:98:13-37
112            android:label="@string/settings" />
112-->src/main/AndroidManifest.xml:99:13-45
113
114        <provider
115            android:name="androidx.core.content.FileProvider"
115-->src/main/AndroidManifest.xml:102:13-62
116            android:authorities="com.buge.box.fileprovider"
116-->src/main/AndroidManifest.xml:103:13-64
117            android:exported="false"
117-->src/main/AndroidManifest.xml:104:13-37
118            android:grantUriPermissions="true" >
118-->src/main/AndroidManifest.xml:105:13-47
119            <meta-data
119-->src/main/AndroidManifest.xml:106:13-108:54
120                android:name="android.support.FILE_PROVIDER_PATHS"
120-->src/main/AndroidManifest.xml:107:17-67
121                android:resource="@xml/file_paths" />
121-->src/main/AndroidManifest.xml:108:17-51
122        </provider>
123        <provider
123-->[androidx.emoji2:emoji2:1.3.0] AndroidManifest.xml:24:9-32:20
124            android:name="androidx.startup.InitializationProvider"
124-->[androidx.emoji2:emoji2:1.3.0] AndroidManifest.xml:25:13-67
125            android:authorities="com.buge.box.androidx-startup"
125-->[androidx.emoji2:emoji2:1.3.0] AndroidManifest.xml:26:13-68
126            android:exported="false" >
126-->[androidx.emoji2:emoji2:1.3.0] AndroidManifest.xml:27:13-37
127            <meta-data
127-->[androidx.emoji2:emoji2:1.3.0] AndroidManifest.xml:29:13-31:52
128                android:name="androidx.emoji2.text.EmojiCompatInitializer"
128-->[androidx.emoji2:emoji2:1.3.0] AndroidManifest.xml:30:17-75
129                android:value="androidx.startup" />
129-->[androidx.emoji2:emoji2:1.3.0] AndroidManifest.xml:31:17-49
130            <meta-data
130-->[androidx.lifecycle:lifecycle-process:2.8.6] AndroidManifest.xml:29:13-31:52
131                android:name="androidx.lifecycle.ProcessLifecycleInitializer"
131-->[androidx.lifecycle:lifecycle-process:2.8.6] AndroidManifest.xml:30:17-78
132                android:value="androidx.startup" />
132-->[androidx.lifecycle:lifecycle-process:2.8.6] AndroidManifest.xml:31:17-49
133            <meta-data
133-->[androidx.profileinstaller:profileinstaller:1.3.1] AndroidManifest.xml:29:13-31:52
134                android:name="androidx.profileinstaller.ProfileInstallerInitializer"
134-->[androidx.profileinstaller:profileinstaller:1.3.1] AndroidManifest.xml:30:17-85
135                android:value="androidx.startup" />
135-->[androidx.profileinstaller:profileinstaller:1.3.1] AndroidManifest.xml:31:17-49
136        </provider>
137
138        <uses-library
138-->[androidx.window:window:1.0.0] AndroidManifest.xml:25:9-27:40
139            android:name="androidx.window.extensions"
139-->[androidx.window:window:1.0.0] AndroidManifest.xml:26:13-54
140            android:required="false" />
140-->[androidx.window:window:1.0.0] AndroidManifest.xml:27:13-37
141        <uses-library
141-->[androidx.window:window:1.0.0] AndroidManifest.xml:28:9-30:40
142            android:name="androidx.window.sidecar"
142-->[androidx.window:window:1.0.0] AndroidManifest.xml:29:13-51
143            android:required="false" />
143-->[androidx.window:window:1.0.0] AndroidManifest.xml:30:13-37
144
145        <receiver
145-->[androidx.profileinstaller:profileinstaller:1.3.1] AndroidManifest.xml:34:9-52:20
146            android:name="androidx.profileinstaller.ProfileInstallReceiver"
146-->[androidx.profileinstaller:profileinstaller:1.3.1] AndroidManifest.xml:35:13-76
147            android:directBootAware="false"
147-->[androidx.profileinstaller:profileinstaller:1.3.1] AndroidManifest.xml:36:13-44
148            android:enabled="true"
148-->[androidx.profileinstaller:profileinstaller:1.3.1] AndroidManifest.xml:37:13-35
149            android:exported="true"
149-->[androidx.profileinstaller:profileinstaller:1.3.1] AndroidManifest.xml:38:13-36
150            android:permission="android.permission.DUMP" >
150-->[androidx.profileinstaller:profileinstaller:1.3.1] AndroidManifest.xml:39:13-57
151            <intent-filter>
151-->[androidx.profileinstaller:profileinstaller:1.3.1] AndroidManifest.xml:40:13-42:29
152                <action android:name="androidx.profileinstaller.action.INSTALL_PROFILE" />
152-->[androidx.profileinstaller:profileinstaller:1.3.1] AndroidManifest.xml:41:17-91
152-->[androidx.profileinstaller:profileinstaller:1.3.1] AndroidManifest.xml:41:25-88
153            </intent-filter>
154            <intent-filter>
154-->[androidx.profileinstaller:profileinstaller:1.3.1] AndroidManifest.xml:43:13-45:29
155                <action android:name="androidx.profileinstaller.action.SKIP_FILE" />
155-->[androidx.profileinstaller:profileinstaller:1.3.1] AndroidManifest.xml:44:17-85
155-->[androidx.profileinstaller:profileinstaller:1.3.1] AndroidManifest.xml:44:25-82
156            </intent-filter>
157            <intent-filter>
157-->[androidx.profileinstaller:profileinstaller:1.3.1] AndroidManifest.xml:46:13-48:29
158                <action android:name="androidx.profileinstaller.action.SAVE_PROFILE" />
158-->[androidx.profileinstaller:profileinstaller:1.3.1] AndroidManifest.xml:47:17-88
158-->[androidx.profileinstaller:profileinstaller:1.3.1] AndroidManifest.xml:47:25-85
159            </intent-filter>
160            <intent-filter>
160-->[androidx.profileinstaller:profileinstaller:1.3.1] AndroidManifest.xml:49:13-51:29
161                <action android:name="androidx.profileinstaller.action.BENCHMARK_OPERATION" />
161-->[androidx.profileinstaller:profileinstaller:1.3.1] AndroidManifest.xml:50:17-95
161-->[androidx.profileinstaller:profileinstaller:1.3.1] AndroidManifest.xml:50:25-92
162            </intent-filter>
163        </receiver>
164    </application>
165
166</manifest>